<?xml version="1.0" encoding="UTF-8"?>
<testng-results skipped="0" failed="0" ignored="0" total="1" passed="1">
  <reporter-output>
  </reporter-output>
  <suite name="Default suite" duration-ms="11852" started-at="2020-11-04T05:44:44Z" finished-at="2020-11-04T05:44:56Z">
    <groups>
    </groups>
    <test name="Default test" duration-ms="11852" started-at="2020-11-04T05:44:44Z" finished-at="2020-11-04T05:44:56Z">
      <class name="framework.Hybrid.searchgk">
        <test-method status="PASS" signature="testdemo()[pri:0, instance:framework.Hybrid.searchgk@5622fdf]" name="testdemo" duration-ms="11793" started-at="2020-11-04T05:44:44Z" finished-at="2020-11-04T05:44:56Z">
          <reporter-output>
          </reporter-output>
        </test-method> <!-- testdemo -->
      </class> <!-- framework.Hybrid.searchgk -->
    </test> <!-- Default test -->
  </suite> <!-- Default suite -->
</testng-results>
